Device: mps
Parameters: 891,713
Ep    200 | Steps      4,194 | Reward     1.1 | Lines   0.0 | Len  21.0 | Eps 0.999
Ep    400 | Steps      8,410 | Reward     1.1 | Lines   0.0 | Len  21.1 | Eps 0.997
Ep    600 | Steps     12,584 | Reward     1.1 | Lines   0.0 | Len  20.9 | Eps 0.996
Ep    800 | Steps     16,809 | Reward     1.1 | Lines   0.0 | Len  21.1 | Eps 0.995
Ep  1,000 | Steps     21,039 | Reward     1.1 | Lines   0.0 | Len  21.1 | Eps 0.993
Ep  1,200 | Steps     25,188 | Reward     1.1 | Lines   0.0 | Len  20.7 | Eps 0.992
Ep  1,400 | Steps     29,286 | Reward     1.1 | Lines   0.0 | Len  20.5 | Eps 0.991
Ep  1,600 | Steps     33,543 | Reward     1.1 | Lines   0.0 | Len  21.3 | Eps 0.989
Ep  1,800 | Steps     37,768 | Reward     1.1 | Lines   0.0 | Len  21.1 | Eps 0.988
Ep  2,000 | Steps     41,885 | Reward     1.1 | Lines   0.0 | Len  20.6 | Eps 0.987
Ep  2,200 | Steps     46,053 | Reward     1.1 | Lines   0.0 | Len  20.8 | Eps 0.985
Ep  2,400 | Steps     50,209 | Reward     1.1 | Lines   0.0 | Len  20.8 | Eps 0.984
Ep  2,600 | Steps     54,422 | Reward     1.1 | Lines   0.0 | Len  21.1 | Eps 0.983
Ep  2,800 | Steps     58,685 | Reward     1.1 | Lines   0.0 | Len  21.3 | Eps 0.981
Ep  3,000 | Steps     62,965 | Reward     1.2 | Lines   0.0 | Len  21.4 | Eps 0.980
Ep  3,200 | Steps     67,270 | Reward     1.2 | Lines   0.0 | Len  21.5 | Eps 0.979
Ep  3,400 | Steps     71,470 | Reward     1.1 | Lines   0.0 | Len  21.0 | Eps 0.977
Ep  3,600 | Steps     75,729 | Reward     1.1 | Lines   0.0 | Len  21.3 | Eps 0.976
Ep  3,800 | Steps     79,971 | Reward     1.1 | Lines   0.0 | Len  21.2 | Eps 0.975
Ep  4,000 | Steps     84,275 | Reward     1.2 | Lines   0.0 | Len  21.5 | Eps 0.973
Ep  4,200 | Steps     88,434 | Reward     1.1 | Lines   0.0 | Len  20.8 | Eps 0.972
Ep  4,400 | Steps     92,699 | Reward     1.2 | Lines   0.1 | Len  21.3 | Eps 0.971
Ep  4,600 | Steps     96,962 | Reward     1.2 | Lines   0.0 | Len  21.3 | Eps 0.969
Ep  4,800 | Steps    101,117 | Reward     1.1 | Lines   0.0 | Len  20.8 | Eps 0.968
Ep  5,000 | Steps    105,366 | Reward     1.2 | Lines   0.0 | Len  21.2 | Eps 0.967
Ep  5,200 | Steps    109,596 | Reward     1.1 | Lines   0.0 | Len  21.1 | Eps 0.965
Ep  5,400 | Steps    113,840 | Reward     1.1 | Lines   0.0 | Len  21.2 | Eps 0.964
Ep  5,600 | Steps    118,171 | Reward     1.2 | Lines   0.0 | Len  21.7 | Eps 0.963
Ep  5,800 | Steps    122,517 | Reward     1.2 | Lines   0.0 | Len  21.7 | Eps 0.961
Ep  6,000 | Steps    126,873 | Reward     1.2 | Lines   0.0 | Len  21.8 | Eps 0.960
Ep  6,200 | Steps    131,090 | Reward     1.1 | Lines   0.0 | Len  21.1 | Eps 0.958
Ep  6,400 | Steps    135,356 | Reward     1.2 | Lines   0.0 | Len  21.3 | Eps 0.957
Ep  6,600 | Steps    139,668 | Reward     1.2 | Lines   0.0 | Len  21.6 | Eps 0.956
Ep  6,800 | Steps    143,950 | Reward     1.2 | Lines   0.0 | Len  21.4 | Eps 0.954
Ep  7,000 | Steps    148,302 | Reward     1.2 | Lines   0.0 | Len  21.8 | Eps 0.953
Ep  7,200 | Steps    152,555 | Reward     1.2 | Lines   0.0 | Len  21.3 | Eps 0.952
Ep  7,400 | Steps    156,962 | Reward     1.2 | Lines   0.0 | Len  22.0 | Eps 0.950
Ep  7,600 | Steps    161,273 | Reward     1.2 | Lines   0.0 | Len  21.6 | Eps 0.949
Ep  7,800 | Steps    165,565 | Reward     1.2 | Lines   0.0 | Len  21.5 | Eps 0.948
Ep  8,000 | Steps    169,825 | Reward     1.2 | Lines   0.0 | Len  21.3 | Eps 0.946
Ep  8,200 | Steps    174,091 | Reward     1.2 | Lines   0.0 | Len  21.3 | Eps 0.945
Ep  8,400 | Steps    178,311 | Reward     1.1 | Lines   0.0 | Len  21.1 | Eps 0.944
Ep  8,600 | Steps    182,639 | Reward     1.2 | Lines   0.0 | Len  21.6 | Eps 0.942
Ep  8,800 | Steps    186,900 | Reward     1.2 | Lines   0.0 | Len  21.3 | Eps 0.941
Ep  9,000 | Steps    191,171 | Reward     1.1 | Lines   0.0 | Len  21.4 | Eps 0.939
Ep  9,200 | Steps    195,516 | Reward     1.2 | Lines   0.0 | Len  21.7 | Eps 0.938
Ep  9,400 | Steps    199,907 | Reward     1.2 | Lines   0.0 | Len  22.0 | Eps 0.937
Ep  9,600 | Steps    204,203 | Reward     1.2 | Lines   0.0 | Len  21.5 | Eps 0.935
Ep  9,800 | Steps    208,623 | Reward     1.3 | Lines   0.1 | Len  22.1 | Eps 0.934
Ep 10,000 | Steps    212,959 | Reward     1.2 | Lines   0.0 | Len  21.7 | Eps 0.933
Ep 10,200 | Steps    217,290 | Reward     1.2 | Lines   0.0 | Len  21.7 | Eps 0.931
Ep 10,400 | Steps    221,710 | Reward     1.3 | Lines   0.0 | Len  22.1 | Eps 0.930
Ep 10,600 | Steps    226,036 | Reward     1.2 | Lines   0.1 | Len  21.6 | Eps 0.928
Ep 10,800 | Steps    230,459 | Reward     1.3 | Lines   0.0 | Len  22.1 | Eps 0.927
Ep 11,000 | Steps    234,928 | Reward     1.2 | Lines   0.0 | Len  22.3 | Eps 0.926
Ep 11,200 | Steps    239,378 | Reward     1.3 | Lines   0.1 | Len  22.2 | Eps 0.924
Ep 11,400 | Steps    243,785 | Reward     1.2 | Lines   0.0 | Len  22.0 | Eps 0.923
Ep 11,600 | Steps    248,125 | Reward     1.2 | Lines   0.0 | Len  21.7 | Eps 0.921
Ep 11,800 | Steps    252,563 | Reward     1.3 | Lines   0.0 | Len  22.2 | Eps 0.920
Ep 12,000 | Steps    256,934 | Reward     1.2 | Lines   0.0 | Len  21.9 | Eps 0.919
Ep 12,200 | Steps    261,411 | Reward     1.3 | Lines   0.1 | Len  22.4 | Eps 0.917
Ep 12,400 | Steps    265,777 | Reward     1.2 | Lines   0.1 | Len  21.8 | Eps 0.916
Ep 12,600 | Steps    270,138 | Reward     1.2 | Lines   0.0 | Len  21.8 | Eps 0.914
Ep 12,800 | Steps    274,592 | Reward     1.3 | Lines   0.1 | Len  22.3 | Eps 0.913
Ep 13,000 | Steps    279,025 | Reward     1.3 | Lines   0.0 | Len  22.2 | Eps 0.912
Ep 13,200 | Steps    283,486 | Reward     1.3 | Lines   0.1 | Len  22.3 | Eps 0.910
Ep 13,400 | Steps    287,954 | Reward     1.3 | Lines   0.0 | Len  22.3 | Eps 0.909
Ep 13,600 | Steps    292,356 | Reward     1.3 | Lines   0.1 | Len  22.0 | Eps 0.907
Ep 13,800 | Steps    296,771 | Reward     1.3 | Lines   0.1 | Len  22.1 | Eps 0.906
Ep 14,000 | Steps    301,145 | Reward     1.2 | Lines   0.0 | Len  21.9 | Eps 0.905
Ep 14,200 | Steps    305,617 | Reward     1.3 | Lines   0.1 | Len  22.4 | Eps 0.903
Ep 14,400 | Steps    310,064 | Reward     1.3 | Lines   0.1 | Len  22.2 | Eps 0.902
Ep 14,600 | Steps    314,584 | Reward     1.4 | Lines   0.1 | Len  22.6 | Eps 0.900
Ep 14,800 | Steps    318,863 | Reward     1.2 | Lines   0.0 | Len  21.4 | Eps 0.899
Ep 15,000 | Steps    323,286 | Reward     1.3 | Lines   0.1 | Len  22.1 | Eps 0.898
Ep 15,200 | Steps    327,774 | Reward     1.3 | Lines   0.1 | Len  22.4 | Eps 0.896
Ep 15,400 | Steps    332,283 | Reward     1.3 | Lines   0.1 | Len  22.5 | Eps 0.895
Ep 15,600 | Steps    336,683 | Reward     1.3 | Lines   0.1 | Len  22.0 | Eps 0.893
Ep 15,800 | Steps    341,008 | Reward     1.2 | Lines   0.1 | Len  21.6 | Eps 0.892
Ep 16,000 | Steps    345,381 | Reward     1.2 | Lines   0.1 | Len  21.9 | Eps 0.891
Ep 16,200 | Steps    349,783 | Reward     1.2 | Lines   0.0 | Len  22.0 | Eps 0.889
Ep 16,400 | Steps    354,236 | Reward     1.3 | Lines   0.0 | Len  22.3 | Eps 0.888
Ep 16,600 | Steps    358,640 | Reward     1.3 | Lines   0.1 | Len  22.0 | Eps 0.886
Ep 16,800 | Steps    363,143 | Reward     1.3 | Lines   0.1 | Len  22.5 | Eps 0.885
Ep 17,000 | Steps    367,554 | Reward     1.2 | Lines   0.0 | Len  22.1 | Eps 0.884
Ep 17,200 | Steps    372,100 | Reward     1.3 | Lines   0.0 | Len  22.7 | Eps 0.882
Ep 17,400 | Steps    376,519 | Reward     1.3 | Lines   0.1 | Len  22.1 | Eps 0.881
Ep 17,600 | Steps    381,018 | Reward     1.3 | Lines   0.0 | Len  22.5 | Eps 0.879
Ep 17,800 | Steps    385,462 | Reward     1.3 | Lines   0.1 | Len  22.2 | Eps 0.878
Ep 18,000 | Steps    389,875 | Reward     1.3 | Lines   0.1 | Len  22.1 | Eps 0.877
Ep 18,200 | Steps    394,415 | Reward     1.3 | Lines   0.1 | Len  22.7 | Eps 0.875
Ep 18,400 | Steps    398,852 | Reward     1.2 | Lines   0.0 | Len  22.2 | Eps 0.874
Ep 18,600 | Steps    403,347 | Reward     1.3 | Lines   0.1 | Len  22.5 | Eps 0.872
Ep 18,800 | Steps    407,814 | Reward     1.3 | Lines   0.1 | Len  22.3 | Eps 0.871
Ep 19,000 | Steps    412,357 | Reward     1.4 | Lines   0.1 | Len  22.7 | Eps 0.869
Ep 19,200 | Steps    416,805 | Reward     1.3 | Lines   0.1 | Len  22.2 | Eps 0.868
Ep 19,400 | Steps    421,277 | Reward     1.3 | Lines   0.0 | Len  22.4 | Eps 0.867
Ep 19,600 | Steps    425,823 | Reward     1.4 | Lines   0.1 | Len  22.7 | Eps 0.865
Ep 19,800 | Steps    430,251 | Reward     1.2 | Lines   0.0 | Len  22.1 | Eps 0.864
Ep 20,000 | Steps    434,708 | Reward     1.3 | Lines   0.0 | Len  22.3 | Eps 0.862
Ep 20,200 | Steps    439,246 | Reward     1.3 | Lines   0.1 | Len  22.7 | Eps 0.861
Ep 20,400 | Steps    443,741 | Reward     1.3 | Lines   0.1 | Len  22.5 | Eps 0.859
Ep 20,600 | Steps    448,371 | Reward     1.4 | Lines   0.1 | Len  23.1 | Eps 0.858
Ep 20,800 | Steps    452,804 | Reward     1.3 | Lines   0.1 | Len  22.2 | Eps 0.857
Ep 21,000 | Steps    457,401 | Reward     1.4 | Lines   0.1 | Len  23.0 | Eps 0.855
Ep 21,200 | Steps    461,977 | Reward     1.4 | Lines   0.1 | Len  22.9 | Eps 0.854
Ep 21,400 | Steps    466,450 | Reward     1.3 | Lines   0.1 | Len  22.4 | Eps 0.852
Ep 21,600 | Steps    471,017 | Reward     1.3 | Lines   0.1 | Len  22.8 | Eps 0.851
Ep 21,800 | Steps    475,544 | Reward     1.4 | Lines   0.1 | Len  22.6 | Eps 0.849
Ep 22,000 | Steps    480,161 | Reward     1.4 | Lines   0.1 | Len  23.1 | Eps 0.848
Ep 22,200 | Steps    484,789 | Reward     1.4 | Lines   0.1 | Len  23.1 | Eps 0.846
Ep 22,400 | Steps    489,386 | Reward     1.3 | Lines   0.0 | Len  23.0 | Eps 0.845
Ep 22,600 | Steps    494,019 | Reward     1.4 | Lines   0.0 | Len  23.2 | Eps 0.844
Ep 22,800 | Steps    498,568 | Reward     1.4 | Lines   0.1 | Len  22.7 | Eps 0.842
  Checkpoint saved at 500,000 steps
Ep 23,000 | Steps    503,154 | Reward     1.4 | Lines   0.1 | Len  22.9 | Eps 0.841
Ep 23,200 | Steps    507,722 | Reward     1.4 | Lines   0.1 | Len  22.8 | Eps 0.839
Ep 23,400 | Steps    512,318 | Reward     1.4 | Lines   0.1 | Len  23.0 | Eps 0.838
Ep 23,600 | Steps    516,914 | Reward     1.4 | Lines   0.1 | Len  23.0 | Eps 0.836
Ep 23,800 | Steps    521,563 | Reward     1.4 | Lines   0.1 | Len  23.2 | Eps 0.835
Ep 24,000 | Steps    526,298 | Reward     1.5 | Lines   0.1 | Len  23.7 | Eps 0.833
Ep 24,200 | Steps    531,050 | Reward     1.5 | Lines   0.1 | Len  23.8 | Eps 0.832
Ep 24,400 | Steps    535,644 | Reward     1.4 | Lines   0.1 | Len  23.0 | Eps 0.830
Ep 24,600 | Steps    540,365 | Reward     1.4 | Lines   0.1 | Len  23.6 | Eps 0.829
Ep 24,800 | Steps    544,989 | Reward     1.4 | Lines   0.1 | Len  23.1 | Eps 0.827
Ep 25,000 | Steps    549,650 | Reward     1.4 | Lines   0.1 | Len  23.3 | Eps 0.826
Ep 25,200 | Steps    554,309 | Reward     1.5 | Lines   0.1 | Len  23.3 | Eps 0.824
Ep 25,400 | Steps    558,846 | Reward     1.3 | Lines   0.1 | Len  22.7 | Eps 0.823
Ep 25,600 | Steps    563,429 | Reward     1.4 | Lines   0.1 | Len  22.9 | Eps 0.822
Ep 25,800 | Steps    568,107 | Reward     1.4 | Lines   0.1 | Len  23.4 | Eps 0.820
Ep 26,000 | Steps    572,722 | Reward     1.4 | Lines   0.1 | Len  23.1 | Eps 0.819
Ep 26,200 | Steps    577,375 | Reward     1.4 | Lines   0.1 | Len  23.3 | Eps 0.817
Ep 26,400 | Steps    582,009 | Reward     1.4 | Lines   0.1 | Len  23.2 | Eps 0.816
Ep 26,600 | Steps    586,533 | Reward     1.4 | Lines   0.1 | Len  22.6 | Eps 0.814
Ep 26,800 | Steps    591,122 | Reward     1.4 | Lines   0.1 | Len  22.9 | Eps 0.813
Ep 27,000 | Steps    595,584 | Reward     1.3 | Lines   0.1 | Len  22.3 | Eps 0.811
Ep 27,200 | Steps    600,181 | Reward     1.4 | Lines   0.1 | Len  23.0 | Eps 0.810
Ep 27,400 | Steps    604,912 | Reward     1.4 | Lines   0.1 | Len  23.7 | Eps 0.808
Ep 27,600 | Steps    609,616 | Reward     1.5 | Lines   0.1 | Len  23.5 | Eps 0.807
Ep 27,800 | Steps    614,237 | Reward     1.4 | Lines   0.1 | Len  23.1 | Eps 0.805
Ep 28,000 | Steps    618,817 | Reward     1.4 | Lines   0.1 | Len  22.9 | Eps 0.804
Ep 28,200 | Steps    623,526 | Reward     1.4 | Lines   0.1 | Len  23.5 | Eps 0.803
Ep 28,400 | Steps    628,155 | Reward     1.4 | Lines   0.1 | Len  23.1 | Eps 0.801
Ep 28,600 | Steps    632,800 | Reward     1.4 | Lines   0.1 | Len  23.2 | Eps 0.800
Ep 28,800 | Steps    637,475 | Reward     1.4 | Lines   0.1 | Len  23.4 | Eps 0.798
Ep 29,000 | Steps    642,296 | Reward     1.5 | Lines   0.1 | Len  24.1 | Eps 0.797
Ep 29,200 | Steps    647,003 | Reward     1.5 | Lines   0.1 | Len  23.5 | Eps 0.795
Ep 29,400 | Steps    651,673 | Reward     1.5 | Lines   0.1 | Len  23.4 | Eps 0.794
Ep 29,600 | Steps    656,317 | Reward     1.4 | Lines   0.1 | Len  23.2 | Eps 0.792
Ep 29,800 | Steps    661,074 | Reward     1.5 | Lines   0.2 | Len  23.8 | Eps 0.791
Ep 30,000 | Steps    665,801 | Reward     1.5 | Lines   0.1 | Len  23.6 | Eps 0.789
Ep 30,200 | Steps    670,442 | Reward     1.4 | Lines   0.1 | Len  23.2 | Eps 0.788
Ep 30,400 | Steps    675,142 | Reward     1.5 | Lines   0.1 | Len  23.5 | Eps 0.786
Ep 30,600 | Steps    679,858 | Reward     1.4 | Lines   0.1 | Len  23.6 | Eps 0.785
Ep 30,800 | Steps    684,494 | Reward     1.4 | Lines   0.1 | Len  23.2 | Eps 0.783
Ep 31,000 | Steps    689,223 | Reward     1.5 | Lines   0.1 | Len  23.6 | Eps 0.782
Ep 31,200 | Steps    693,922 | Reward     1.4 | Lines   0.1 | Len  23.5 | Eps 0.780
Ep 31,400 | Steps    698,585 | Reward     1.4 | Lines   0.1 | Len  23.3 | Eps 0.779
Ep 31,600 | Steps    703,388 | Reward     1.5 | Lines   0.1 | Len  24.0 | Eps 0.777
Ep 31,800 | Steps    708,171 | Reward     1.5 | Lines   0.1 | Len  23.9 | Eps 0.776
Ep 32,000 | Steps    712,853 | Reward     1.4 | Lines   0.1 | Len  23.4 | Eps 0.774
Ep 32,200 | Steps    717,621 | Reward     1.5 | Lines   0.1 | Len  23.8 | Eps 0.773
Ep 32,400 | Steps    722,482 | Reward     1.6 | Lines   0.1 | Len  24.3 | Eps 0.771
Ep 32,600 | Steps    727,274 | Reward     1.5 | Lines   0.1 | Len  24.0 | Eps 0.770
Ep 32,800 | Steps    732,082 | Reward     1.5 | Lines   0.1 | Len  24.0 | Eps 0.768
Ep 33,000 | Steps    736,852 | Reward     1.5 | Lines   0.1 | Len  23.9 | Eps 0.767
Ep 33,200 | Steps    741,538 | Reward     1.4 | Lines   0.1 | Len  23.4 | Eps 0.765
Ep 33,400 | Steps    746,329 | Reward     1.5 | Lines   0.1 | Len  24.0 | Eps 0.764
Ep 33,600 | Steps    751,161 | Reward     1.6 | Lines   0.1 | Len  24.2 | Eps 0.762
Ep 33,800 | Steps    755,981 | Reward     1.6 | Lines   0.1 | Len  24.1 | Eps 0.761
Ep 34,000 | Steps    760,823 | Reward     1.6 | Lines   0.2 | Len  24.2 | Eps 0.759
Ep 34,200 | Steps    765,571 | Reward     1.6 | Lines   0.2 | Len  23.7 | Eps 0.758
Ep 34,400 | Steps    770,306 | Reward     1.5 | Lines   0.1 | Len  23.7 | Eps 0.756
Ep 34,600 | Steps    775,033 | Reward     1.5 | Lines   0.1 | Len  23.6 | Eps 0.755
Ep 34,800 | Steps    779,862 | Reward     1.5 | Lines   0.1 | Len  24.1 | Eps 0.753
Ep 35,000 | Steps    784,554 | Reward     1.4 | Lines   0.1 | Len  23.5 | Eps 0.752
Ep 35,200 | Steps    789,280 | Reward     1.5 | Lines   0.1 | Len  23.6 | Eps 0.750
Ep 35,400 | Steps    794,084 | Reward     1.5 | Lines   0.1 | Len  24.0 | Eps 0.749
Ep 35,600 | Steps    798,775 | Reward     1.4 | Lines   0.1 | Len  23.5 | Eps 0.747
Ep 35,800 | Steps    803,461 | Reward     1.5 | Lines   0.1 | Len  23.4 | Eps 0.746
Ep 36,000 | Steps    808,211 | Reward     1.5 | Lines   0.1 | Len  23.8 | Eps 0.744
Ep 36,200 | Steps    813,062 | Reward     1.6 | Lines   0.1 | Len  24.3 | Eps 0.743
Ep 36,400 | Steps    817,826 | Reward     1.5 | Lines   0.1 | Len  23.8 | Eps 0.741
Ep 36,600 | Steps    822,659 | Reward     1.5 | Lines   0.1 | Len  24.2 | Eps 0.739
Ep 36,800 | Steps    827,435 | Reward     1.5 | Lines   0.1 | Len  23.9 | Eps 0.738
Ep 37,000 | Steps    832,166 | Reward     1.5 | Lines   0.1 | Len  23.7 | Eps 0.736
Ep 37,200 | Steps    836,920 | Reward     1.5 | Lines   0.1 | Len  23.8 | Eps 0.735
Ep 37,400 | Steps    841,728 | Reward     1.5 | Lines   0.1 | Len  24.0 | Eps 0.733
Ep 37,600 | Steps    846,569 | Reward     1.6 | Lines   0.2 | Len  24.2 | Eps 0.732
Ep 37,800 | Steps    851,342 | Reward     1.5 | Lines   0.1 | Len  23.9 | Eps 0.730
Ep 38,000 | Steps    856,172 | Reward     1.5 | Lines   0.1 | Len  24.1 | Eps 0.729
Ep 38,200 | Steps    860,934 | Reward     1.5 | Lines   0.1 | Len  23.8 | Eps 0.727
Ep 38,400 | Steps    865,756 | Reward     1.6 | Lines   0.2 | Len  24.1 | Eps 0.726
Ep 38,600 | Steps    870,637 | Reward     1.6 | Lines   0.2 | Len  24.4 | Eps 0.724
Ep 38,800 | Steps    875,551 | Reward     1.7 | Lines   0.2 | Len  24.6 | Eps 0.723
Ep 39,000 | Steps    880,517 | Reward     1.7 | Lines   0.2 | Len  24.8 | Eps 0.721
Ep 39,200 | Steps    885,549 | Reward     1.7 | Lines   0.2 | Len  25.2 | Eps 0.720
Ep 39,400 | Steps    890,501 | Reward     1.6 | Lines   0.1 | Len  24.8 | Eps 0.718
Ep 39,600 | Steps    895,380 | Reward     1.5 | Lines   0.1 | Len  24.4 | Eps 0.716
Ep 39,800 | Steps    900,315 | Reward     1.6 | Lines   0.2 | Len  24.7 | Eps 0.715
Ep 40,000 | Steps    905,294 | Reward     1.6 | Lines   0.1 | Len  24.9 | Eps 0.713
Ep 40,200 | Steps    910,169 | Reward     1.5 | Lines   0.1 | Len  24.4 | Eps 0.712
Ep 40,400 | Steps    915,126 | Reward     1.6 | Lines   0.2 | Len  24.8 | Eps 0.710
Ep 40,600 | Steps    920,062 | Reward     1.7 | Lines   0.2 | Len  24.7 | Eps 0.709
Ep 40,800 | Steps    925,111 | Reward     1.7 | Lines   0.2 | Len  25.2 | Eps 0.707
Ep 41,000 | Steps    930,118 | Reward     1.7 | Lines   0.2 | Len  25.0 | Eps 0.705
Ep 41,200 | Steps    935,159 | Reward     1.7 | Lines   0.2 | Len  25.2 | Eps 0.704
Ep 41,400 | Steps    940,153 | Reward     1.6 | Lines   0.1 | Len  25.0 | Eps 0.702
Ep 41,600 | Steps    945,027 | Reward     1.6 | Lines   0.1 | Len  24.4 | Eps 0.701
Ep 41,800 | Steps    949,895 | Reward     1.5 | Lines   0.1 | Len  24.3 | Eps 0.699
Ep 42,000 | Steps    954,751 | Reward     1.5 | Lines   0.1 | Len  24.3 | Eps 0.698
Ep 42,200 | Steps    959,651 | Reward     1.6 | Lines   0.1 | Len  24.5 | Eps 0.696
Ep 42,400 | Steps    964,537 | Reward     1.6 | Lines   0.1 | Len  24.4 | Eps 0.695
Ep 42,600 | Steps    969,321 | Reward     1.5 | Lines   0.1 | Len  23.9 | Eps 0.693
Ep 42,800 | Steps    974,114 | Reward     1.5 | Lines   0.1 | Len  24.0 | Eps 0.692
Ep 43,000 | Steps    979,021 | Reward     1.6 | Lines   0.1 | Len  24.5 | Eps 0.690
Ep 43,200 | Steps    983,785 | Reward     1.5 | Lines   0.1 | Len  23.8 | Eps 0.688
Ep 43,400 | Steps    988,684 | Reward     1.6 | Lines   0.1 | Len  24.5 | Eps 0.687
Ep 43,600 | Steps    993,502 | Reward     1.5 | Lines   0.1 | Len  24.1 | Eps 0.685
Ep 43,800 | Steps    998,351 | Reward     1.5 | Lines   0.1 | Len  24.2 | Eps 0.684
  Checkpoint saved at 1,000,000 steps
Ep 44,000 | Steps  1,003,288 | Reward     1.6 | Lines   0.1 | Len  24.7 | Eps 0.682
Ep 44,200 | Steps  1,008,239 | Reward     1.7 | Lines   0.2 | Len  24.8 | Eps 0.681
Ep 44,400 | Steps  1,013,242 | Reward     1.7 | Lines   0.2 | Len  25.0 | Eps 0.679
Ep 44,600 | Steps  1,018,247 | Reward     1.7 | Lines   0.2 | Len  25.0 | Eps 0.678
Ep 44,800 | Steps  1,023,051 | Reward     1.5 | Lines   0.1 | Len  24.0 | Eps 0.676
Ep 45,000 | Steps  1,028,001 | Reward     1.6 | Lines   0.1 | Len  24.8 | Eps 0.674
Ep 45,200 | Steps  1,032,985 | Reward     1.7 | Lines   0.2 | Len  24.9 | Eps 0.673
Ep 45,400 | Steps  1,037,921 | Reward     1.7 | Lines   0.2 | Len  24.7 | Eps 0.671
Ep 45,600 | Steps  1,042,974 | Reward     1.7 | Lines   0.2 | Len  25.3 | Eps 0.670
Ep 45,800 | Steps  1,047,981 | Reward     1.7 | Lines   0.2 | Len  25.0 | Eps 0.668
Ep 46,000 | Steps  1,052,852 | Reward     1.5 | Lines   0.1 | Len  24.4 | Eps 0.667
Ep 46,200 | Steps  1,057,819 | Reward     1.6 | Lines   0.2 | Len  24.8 | Eps 0.665
Ep 46,400 | Steps  1,062,840 | Reward     1.7 | Lines   0.2 | Len  25.1 | Eps 0.663
Ep 46,600 | Steps  1,067,937 | Reward     1.7 | Lines   0.2 | Len  25.5 | Eps 0.662
Ep 46,800 | Steps  1,072,937 | Reward     1.6 | Lines   0.1 | Len  25.0 | Eps 0.660
Ep 47,000 | Steps  1,077,942 | Reward     1.7 | Lines   0.2 | Len  25.0 | Eps 0.659
Ep 47,200 | Steps  1,083,017 | Reward     1.8 | Lines   0.2 | Len  25.4 | Eps 0.657
Ep 47,400 | Steps  1,088,101 | Reward     1.8 | Lines   0.3 | Len  25.4 | Eps 0.655
Ep 47,600 | Steps  1,093,221 | Reward     1.8 | Lines   0.2 | Len  25.6 | Eps 0.654
Ep 47,800 | Steps  1,098,356 | Reward     1.8 | Lines   0.3 | Len  25.7 | Eps 0.652
Ep 48,000 | Steps  1,103,411 | Reward     1.7 | Lines   0.2 | Len  25.3 | Eps 0.651
Ep 48,200 | Steps  1,108,563 | Reward     1.8 | Lines   0.2 | Len  25.8 | Eps 0.649
Ep 48,400 | Steps  1,113,695 | Reward     1.7 | Lines   0.2 | Len  25.7 | Eps 0.647
Ep 48,600 | Steps  1,118,759 | Reward     1.7 | Lines   0.2 | Len  25.3 | Eps 0.646
Ep 48,800 | Steps  1,123,932 | Reward     1.8 | Lines   0.2 | Len  25.9 | Eps 0.644
Ep 49,000 | Steps  1,129,073 | Reward     1.8 | Lines   0.2 | Len  25.7 | Eps 0.642
Ep 49,200 | Steps  1,134,185 | Reward     1.8 | Lines   0.2 | Len  25.6 | Eps 0.641
Ep 49,400 | Steps  1,139,226 | Reward     1.7 | Lines   0.2 | Len  25.2 | Eps 0.639
Ep 49,600 | Steps  1,144,229 | Reward     1.7 | Lines   0.2 | Len  25.0 | Eps 0.638
Ep 49,800 | Steps  1,149,347 | Reward     1.7 | Lines   0.2 | Len  25.6 | Eps 0.636
Ep 50,000 | Steps  1,154,394 | Reward     1.7 | Lines   0.2 | Len  25.2 | Eps 0.634
Ep 50,200 | Steps  1,159,490 | Reward     1.8 | Lines   0.2 | Len  25.5 | Eps 0.633
Ep 50,400 | Steps  1,164,513 | Reward     1.7 | Lines   0.2 | Len  25.1 | Eps 0.631
Ep 50,600 | Steps  1,169,508 | Reward     1.6 | Lines   0.1 | Len  25.0 | Eps 0.630
Ep 50,800 | Steps  1,174,621 | Reward     1.8 | Lines   0.2 | Len  25.6 | Eps 0.628
Ep 51,000 | Steps  1,179,745 | Reward     1.8 | Lines   0.2 | Len  25.6 | Eps 0.626
Ep 51,200 | Steps  1,184,826 | Reward     1.7 | Lines   0.2 | Len  25.4 | Eps 0.625
Ep 51,400 | Steps  1,189,867 | Reward     1.7 | Lines   0.2 | Len  25.2 | Eps 0.623
Ep 51,600 | Steps  1,195,003 | Reward     1.8 | Lines   0.2 | Len  25.7 | Eps 0.622
Ep 51,800 | Steps  1,199,999 | Reward     1.7 | Lines   0.2 | Len  25.0 | Eps 0.620
Ep 52,000 | Steps  1,205,049 | Reward     1.8 | Lines   0.2 | Len  25.2 | Eps 0.618
Ep 52,200 | Steps  1,210,122 | Reward     1.7 | Lines   0.2 | Len  25.4 | Eps 0.617
Ep 52,400 | Steps  1,215,299 | Reward     1.8 | Lines   0.2 | Len  25.9 | Eps 0.615
Ep 52,600 | Steps  1,220,395 | Reward     1.8 | Lines   0.3 | Len  25.5 | Eps 0.614
Ep 52,800 | Steps  1,225,549 | Reward     1.8 | Lines   0.2 | Len  25.8 | Eps 0.612
Ep 53,000 | Steps  1,230,826 | Reward     1.9 | Lines   0.3 | Len  26.4 | Eps 0.610
Ep 53,200 | Steps  1,235,947 | Reward     1.8 | Lines   0.2 | Len  25.6 | Eps 0.609
Ep 53,400 | Steps  1,241,181 | Reward     1.9 | Lines   0.3 | Len  26.2 | Eps 0.607
Ep 53,600 | Steps  1,246,537 | Reward     1.9 | Lines   0.2 | Len  26.8 | Eps 0.605
Ep 53,800 | Steps  1,251,805 | Reward     1.9 | Lines   0.3 | Len  26.3 | Eps 0.604
Ep 54,000 | Steps  1,257,084 | Reward     1.9 | Lines   0.3 | Len  26.4 | Eps 0.602
Ep 54,200 | Steps  1,262,455 | Reward     1.9 | Lines   0.2 | Len  26.9 | Eps 0.600
Ep 54,400 | Steps  1,267,781 | Reward     2.0 | Lines   0.3 | Len  26.6 | Eps 0.599
Ep 54,600 | Steps  1,273,212 | Reward     2.1 | Lines   0.3 | Len  27.2 | Eps 0.597
Ep 54,800 | Steps  1,278,629 | Reward     2.1 | Lines   0.4 | Len  27.1 | Eps 0.595
Ep 55,000 | Steps  1,284,047 | Reward     2.1 | Lines   0.4 | Len  27.1 | Eps 0.593
Ep 55,200 | Steps  1,289,365 | Reward     2.0 | Lines   0.3 | Len  26.6 | Eps 0.592
Ep 55,400 | Steps  1,294,688 | Reward     2.0 | Lines   0.3 | Len  26.6 | Eps 0.590
Ep 55,600 | Steps  1,300,074 | Reward     2.1 | Lines   0.4 | Len  26.9 | Eps 0.588
Ep 55,800 | Steps  1,305,570 | Reward     2.2 | Lines   0.5 | Len  27.5 | Eps 0.587
Ep 56,000 | Steps  1,310,987 | Reward     2.1 | Lines   0.4 | Len  27.1 | Eps 0.585
Ep 56,200 | Steps  1,316,232 | Reward     1.9 | Lines   0.2 | Len  26.2 | Eps 0.583
Ep 56,400 | Steps  1,321,578 | Reward     2.0 | Lines   0.4 | Len  26.7 | Eps 0.582
Ep 56,600 | Steps  1,326,769 | Reward     1.9 | Lines   0.3 | Len  26.0 | Eps 0.580
Ep 56,800 | Steps  1,332,009 | Reward     1.9 | Lines   0.3 | Len  26.2 | Eps 0.578
Ep 57,000 | Steps  1,337,304 | Reward     1.9 | Lines   0.3 | Len  26.5 | Eps 0.577
Ep 57,200 | Steps  1,342,577 | Reward     2.0 | Lines   0.3 | Len  26.4 | Eps 0.575
Ep 57,400 | Steps  1,347,938 | Reward     2.0 | Lines   0.3 | Len  26.8 | Eps 0.573
Ep 57,600 | Steps  1,353,146 | Reward     1.9 | Lines   0.3 | Len  26.0 | Eps 0.572
Ep 57,800 | Steps  1,358,278 | Reward     1.8 | Lines   0.2 | Len  25.7 | Eps 0.570
Ep 58,000 | Steps  1,363,461 | Reward     1.9 | Lines   0.3 | Len  25.9 | Eps 0.568
Ep 58,200 | Steps  1,368,590 | Reward     1.8 | Lines   0.2 | Len  25.6 | Eps 0.567
Ep 58,400 | Steps  1,373,690 | Reward     1.9 | Lines   0.3 | Len  25.5 | Eps 0.565
Ep 58,600 | Steps  1,378,894 | Reward     1.9 | Lines   0.2 | Len  26.0 | Eps 0.563
Ep 58,800 | Steps  1,384,233 | Reward     2.0 | Lines   0.3 | Len  26.7 | Eps 0.562
Ep 59,000 | Steps  1,389,613 | Reward     2.0 | Lines   0.3 | Len  26.9 | Eps 0.560
Ep 59,200 | Steps  1,394,940 | Reward     2.0 | Lines   0.3 | Len  26.6 | Eps 0.558
Ep 59,400 | Steps  1,400,184 | Reward     1.9 | Lines   0.2 | Len  26.2 | Eps 0.557
Ep 59,600 | Steps  1,405,632 | Reward     2.1 | Lines   0.4 | Len  27.2 | Eps 0.555
Ep 59,800 | Steps  1,411,207 | Reward     2.2 | Lines   0.4 | Len  27.9 | Eps 0.553
Ep 60,000 | Steps  1,416,860 | Reward     2.3 | Lines   0.4 | Len  28.3 | Eps 0.551
Ep 60,200 | Steps  1,422,373 | Reward     2.2 | Lines   0.4 | Len  27.6 | Eps 0.550
Ep 60,400 | Steps  1,427,818 | Reward     2.1 | Lines   0.4 | Len  27.2 | Eps 0.548
Ep 60,600 | Steps  1,433,371 | Reward     2.2 | Lines   0.4 | Len  27.8 | Eps 0.546
Ep 60,800 | Steps  1,438,862 | Reward     2.1 | Lines   0.3 | Len  27.5 | Eps 0.544
Ep 61,000 | Steps  1,444,431 | Reward     2.2 | Lines   0.4 | Len  27.8 | Eps 0.543
Ep 61,200 | Steps  1,449,943 | Reward     2.1 | Lines   0.4 | Len  27.6 | Eps 0.541
Ep 61,400 | Steps  1,455,569 | Reward     2.3 | Lines   0.5 | Len  28.1 | Eps 0.539
Ep 61,600 | Steps  1,461,164 | Reward     2.3 | Lines   0.5 | Len  28.0 | Eps 0.537
Ep 61,800 | Steps  1,466,717 | Reward     2.3 | Lines   0.5 | Len  27.8 | Eps 0.536
Ep 62,000 | Steps  1,472,490 | Reward     2.4 | Lines   0.5 | Len  28.9 | Eps 0.534
Ep 62,200 | Steps  1,478,009 | Reward     2.2 | Lines   0.5 | Len  27.6 | Eps 0.532
Ep 62,400 | Steps  1,483,596 | Reward     2.3 | Lines   0.5 | Len  27.9 | Eps 0.530
Ep 62,600 | Steps  1,489,072 | Reward     2.2 | Lines   0.4 | Len  27.4 | Eps 0.528
Ep 62,800 | Steps  1,494,622 | Reward     2.2 | Lines   0.4 | Len  27.8 | Eps 0.527
  Checkpoint saved at 1,500,000 steps
Ep 63,000 | Steps  1,500,161 | Reward     2.2 | Lines   0.4 | Len  27.7 | Eps 0.525
Ep 63,200 | Steps  1,505,690 | Reward     2.2 | Lines   0.4 | Len  27.6 | Eps 0.523
Ep 63,400 | Steps  1,511,247 | Reward     2.2 | Lines   0.4 | Len  27.8 | Eps 0.521
Ep 63,600 | Steps  1,516,851 | Reward     2.3 | Lines   0.4 | Len  28.0 | Eps 0.520
Ep 63,800 | Steps  1,522,299 | Reward     2.2 | Lines   0.5 | Len  27.2 | Eps 0.518
Ep 64,000 | Steps  1,527,841 | Reward     2.2 | Lines   0.5 | Len  27.7 | Eps 0.516
Ep 64,200 | Steps  1,533,264 | Reward     2.2 | Lines   0.4 | Len  27.1 | Eps 0.514
Ep 64,400 | Steps  1,538,586 | Reward     2.0 | Lines   0.3 | Len  26.6 | Eps 0.513
Ep 64,600 | Steps  1,543,892 | Reward     2.0 | Lines   0.3 | Len  26.5 | Eps 0.511
Ep 64,800 | Steps  1,549,170 | Reward     2.0 | Lines   0.3 | Len  26.4 | Eps 0.509
Ep 65,000 | Steps  1,554,651 | Reward     2.2 | Lines   0.4 | Len  27.4 | Eps 0.508
Ep 65,200 | Steps  1,560,044 | Reward     2.0 | Lines   0.3 | Len  27.0 | Eps 0.506
Ep 65,400 | Steps  1,565,642 | Reward     2.2 | Lines   0.4 | Len  28.0 | Eps 0.504
Ep 65,600 | Steps  1,571,315 | Reward     2.4 | Lines   0.5 | Len  28.4 | Eps 0.502
Ep 65,800 | Steps  1,576,730 | Reward     2.1 | Lines   0.4 | Len  27.1 | Eps 0.501
Ep 66,000 | Steps  1,582,268 | Reward     2.2 | Lines   0.5 | Len  27.7 | Eps 0.499
Ep 66,200 | Steps  1,587,861 | Reward     2.3 | Lines   0.5 | Len  28.0 | Eps 0.497
Ep 66,400 | Steps  1,593,359 | Reward     2.1 | Lines   0.3 | Len  27.5 | Eps 0.495
Ep 66,600 | Steps  1,598,954 | Reward     2.2 | Lines   0.4 | Len  28.0 | Eps 0.494
Ep 66,800 | Steps  1,604,515 | Reward     2.2 | Lines   0.4 | Len  27.8 | Eps 0.492
Ep 67,000 | Steps  1,610,040 | Reward     2.2 | Lines   0.4 | Len  27.6 | Eps 0.490
Ep 67,200 | Steps  1,615,655 | Reward     2.3 | Lines   0.5 | Len  28.1 | Eps 0.488
Ep 67,400 | Steps  1,621,271 | Reward     2.3 | Lines   0.5 | Len  28.1 | Eps 0.487
Ep 67,600 | Steps  1,626,876 | Reward     2.3 | Lines   0.5 | Len  28.0 | Eps 0.485
Ep 67,800 | Steps  1,632,456 | Reward     2.2 | Lines   0.4 | Len  27.9 | Eps 0.483
Ep 68,000 | Steps  1,638,002 | Reward     2.3 | Lines   0.5 | Len  27.7 | Eps 0.481
Ep 68,200 | Steps  1,643,600 | Reward     2.3 | Lines   0.5 | Len  28.0 | Eps 0.480
Ep 68,400 | Steps  1,649,139 | Reward     2.3 | Lines   0.5 | Len  27.7 | Eps 0.478
Ep 68,600 | Steps  1,654,835 | Reward     2.4 | Lines   0.5 | Len  28.5 | Eps 0.476
Ep 68,800 | Steps  1,660,498 | Reward     2.4 | Lines   0.5 | Len  28.3 | Eps 0.474
Ep 69,000 | Steps  1,666,164 | Reward     2.3 | Lines   0.5 | Len  28.3 | Eps 0.472
Ep 69,200 | Steps  1,671,872 | Reward     2.3 | Lines   0.5 | Len  28.5 | Eps 0.471
Ep 69,400 | Steps  1,677,473 | Reward     2.3 | Lines   0.5 | Len  28.0 | Eps 0.469
Ep 69,600 | Steps  1,683,117 | Reward     2.3 | Lines   0.5 | Len  28.2 | Eps 0.467
Ep 69,800 | Steps  1,688,550 | Reward     2.2 | Lines   0.4 | Len  27.2 | Eps 0.465
Ep 70,000 | Steps  1,694,194 | Reward     2.4 | Lines   0.6 | Len  28.2 | Eps 0.464
Ep 70,200 | Steps  1,699,874 | Reward     2.4 | Lines   0.5 | Len  28.4 | Eps 0.462
Ep 70,400 | Steps  1,705,581 | Reward     2.4 | Lines   0.6 | Len  28.5 | Eps 0.460
Ep 70,600 | Steps  1,711,108 | Reward     2.2 | Lines   0.4 | Len  27.6 | Eps 0.458
Ep 70,800 | Steps  1,716,717 | Reward     2.3 | Lines   0.4 | Len  28.0 | Eps 0.456
Ep 71,000 | Steps  1,722,341 | Reward     2.3 | Lines   0.5 | Len  28.1 | Eps 0.455
Ep 71,200 | Steps  1,728,059 | Reward     2.4 | Lines   0.5 | Len  28.6 | Eps 0.453
Ep 71,400 | Steps  1,733,745 | Reward     2.4 | Lines   0.5 | Len  28.4 | Eps 0.451
Ep 71,600 | Steps  1,739,530 | Reward     2.4 | Lines   0.5 | Len  28.9 | Eps 0.449
Ep 71,800 | Steps  1,745,374 | Reward     2.6 | Lines   0.6 | Len  29.2 | Eps 0.447
Ep 72,000 | Steps  1,751,226 | Reward     2.6 | Lines   0.6 | Len  29.3 | Eps 0.445
Ep 72,200 | Steps  1,756,821 | Reward     2.3 | Lines   0.4 | Len  28.0 | Eps 0.444
Ep 72,400 | Steps  1,762,374 | Reward     2.3 | Lines   0.5 | Len  27.8 | Eps 0.442
Ep 72,600 | Steps  1,767,596 | Reward     2.0 | Lines   0.3 | Len  26.1 | Eps 0.440
Ep 72,800 | Steps  1,772,703 | Reward     1.9 | Lines   0.3 | Len  25.5 | Eps 0.439
Ep 73,000 | Steps  1,777,847 | Reward     1.9 | Lines   0.3 | Len  25.7 | Eps 0.437
Ep 73,200 | Steps  1,783,008 | Reward     2.0 | Lines   0.4 | Len  25.8 | Eps 0.435
Ep 73,400 | Steps  1,788,115 | Reward     1.8 | Lines   0.3 | Len  25.5 | Eps 0.434
Ep 73,600 | Steps  1,793,462 | Reward     2.1 | Lines   0.5 | Len  26.7 | Eps 0.432
Ep 73,800 | Steps  1,798,904 | Reward     2.2 | Lines   0.4 | Len  27.2 | Eps 0.430
Ep 74,000 | Steps  1,804,877 | Reward     2.8 | Lines   0.8 | Len  29.9 | Eps 0.428
Ep 74,200 | Steps  1,810,845 | Reward     2.7 | Lines   0.7 | Len  29.8 | Eps 0.427
Ep 74,400 | Steps  1,816,503 | Reward     2.3 | Lines   0.5 | Len  28.3 | Eps 0.425
Ep 74,600 | Steps  1,822,398 | Reward     2.7 | Lines   0.7 | Len  29.5 | Eps 0.423
Ep 74,800 | Steps  1,828,361 | Reward     2.8 | Lines   0.8 | Len  29.8 | Eps 0.421
Ep 75,000 | Steps  1,834,524 | Reward     2.9 | Lines   0.8 | Len  30.8 | Eps 0.419
Ep 75,200 | Steps  1,840,539 | Reward     2.7 | Lines   0.7 | Len  30.1 | Eps 0.417
Ep 75,400 | Steps  1,846,479 | Reward     2.8 | Lines   0.8 | Len  29.7 | Eps 0.415
Ep 75,600 | Steps  1,852,183 | Reward     2.4 | Lines   0.5 | Len  28.5 | Eps 0.413
Ep 75,800 | Steps  1,857,980 | Reward     2.6 | Lines   0.6 | Len  29.0 | Eps 0.412
Ep 76,000 | Steps  1,863,717 | Reward     2.6 | Lines   0.7 | Len  28.7 | Eps 0.410
Ep 76,200 | Steps  1,869,359 | Reward     2.5 | Lines   0.7 | Len  28.2 | Eps 0.408
Ep 76,400 | Steps  1,875,238 | Reward     2.6 | Lines   0.6 | Len  29.4 | Eps 0.406
Ep 76,600 | Steps  1,881,105 | Reward     2.6 | Lines   0.7 | Len  29.3 | Eps 0.404
Ep 76,800 | Steps  1,887,085 | Reward     2.8 | Lines   0.8 | Len  29.9 | Eps 0.402
Ep 77,000 | Steps  1,892,983 | Reward     2.7 | Lines   0.7 | Len  29.5 | Eps 0.401
Ep 77,200 | Steps  1,898,767 | Reward     2.6 | Lines   0.6 | Len  28.9 | Eps 0.399
Ep 77,400 | Steps  1,904,751 | Reward     2.8 | Lines   0.8 | Len  29.9 | Eps 0.397
Ep 77,600 | Steps  1,910,731 | Reward     2.6 | Lines   0.6 | Len  29.9 | Eps 0.395
Ep 77,800 | Steps  1,916,609 | Reward     2.6 | Lines   0.6 | Len  29.4 | Eps 0.393
Ep 78,000 | Steps  1,922,602 | Reward     2.7 | Lines   0.7 | Len  30.0 | Eps 0.391
Ep 78,200 | Steps  1,928,543 | Reward     2.7 | Lines   0.7 | Len  29.7 | Eps 0.389
Ep 78,400 | Steps  1,934,541 | Reward     2.7 | Lines   0.7 | Len  30.0 | Eps 0.387
Ep 78,600 | Steps  1,940,456 | Reward     2.6 | Lines   0.6 | Len  29.6 | Eps 0.386
Ep 78,800 | Steps  1,946,434 | Reward     2.7 | Lines   0.7 | Len  29.9 | Eps 0.384
Ep 79,000 | Steps  1,952,464 | Reward     2.7 | Lines   0.7 | Len  30.1 | Eps 0.382
Ep 79,200 | Steps  1,958,277 | Reward     2.6 | Lines   0.7 | Len  29.1 | Eps 0.380
Ep 79,400 | Steps  1,964,201 | Reward     2.6 | Lines   0.7 | Len  29.6 | Eps 0.378
Ep 79,600 | Steps  1,970,109 | Reward     2.6 | Lines   0.7 | Len  29.5 | Eps 0.376
Ep 79,800 | Steps  1,976,249 | Reward     2.9 | Lines   0.8 | Len  30.7 | Eps 0.374
